Linux 2.6.32-754.2.1.el6.x86_64 (b7dspotap2)    08/14/2018      _x86_64_        (40 CPU)

08/14/2018 09:42:15 AM
avg-cpu:  %user   %nice %system %iowait  %steal   %idle
           0.11    0.00    0.14    0.01    0.00   99.73

Device:         rrqm/s   wrqm/s     r/s     w/s   rsec/s   wsec/s avgrq-sz avgqu-sz   await r_await w_await  svctm  %util
sdb               0.00     0.00    0.04    0.00     0.35     0.13    10.48     0.00    1.67    1.73    0.72   1.63   0.01
sdc               0.00     0.00    0.01    0.00     0.12     0.03     9.48     0.00    1.33    1.38    0.42   1.31   0.00
sde               0.00     0.00    0.07    0.18     7.87     2.76    43.03     0.00   10.35    3.41   13.18   9.89   0.24
sdd               0.00     0.00    0.01    0.00     0.08     0.01     8.42     0.00    1.61    1.67    0.22   1.60   0.00
sdf               0.00     0.00    0.05    0.01     2.50     0.56    50.20     0.00    2.66    1.96    7.36   2.60   0.02
sdh               0.00     0.00    0.04    0.00     0.36     0.15    10.98     0.00    1.37    1.44    0.39   1.36   0.01
sdk               0.00     0.00    0.07    0.18     7.78     2.82    42.89     0.00    9.87    3.46   12.49   9.47   0.23
sdi               0.00     0.00    0.01    0.00     0.12     0.02     9.14     0.00    1.50    1.57    0.35   1.49   0.00
sdl               0.00     0.00    0.05    0.01     2.51     0.55    50.08     0.00    1.81    1.75    2.22   1.75   0.01
sdj               0.00     0.00    0.01    0.00     0.08     0.00     8.35     0.00    1.76    1.83    0.21   1.75   0.00
sdm               0.00     0.00    0.00    0.00     0.03     0.00     9.45     0.00    0.67    0.68    0.00   0.42   0.00
sdg               0.00     0.00    0.00    0.00     0.03     0.00     9.34     0.00    0.16    0.16    0.17   0.16   0.00
sdo               0.00     0.00    0.01    0.00     0.12     0.04    10.65     0.00    1.41    1.47    0.41   1.40   0.00
sdp               0.00     0.00    0.01    0.00     0.08     0.03    11.15     0.00    1.89    1.97    0.29   1.88   0.00
sds               0.00     0.00    0.00    0.00     0.03     0.00     9.14     0.00    0.35    0.35    0.00   0.33   0.00
sdq               0.00     0.00    0.07    0.18     7.79     2.83    42.96     0.00   10.51    3.37   13.42  10.08   0.25
sdn               0.00     0.00    0.04    0.00     0.36     0.16    11.25     0.00    1.71    1.76    0.86   1.66   0.01
sdr               0.00     0.00    0.05    0.01     2.48     0.51    48.94     0.00    2.53    1.85    7.05   2.48   0.02
sdt               0.00     0.00    0.04    0.00     0.35     0.11    10.00     0.00    1.59    1.67    0.35   1.58   0.01
sdv               0.00     0.00    0.01    0.00     0.08     0.03    10.93     0.00    1.64    1.71    0.23   1.64   0.00
sdu               0.00     0.00    0.01    0.00     0.12     0.06    11.91     0.00    1.35    1.39    0.44   1.33   0.00
sdw               0.00     0.00    0.07    0.18     7.76     2.82    42.83     0.00    9.79    3.69   12.27   9.44   0.23
sdy               0.00     0.00    0.00    0.00     0.03     0.00     9.58     0.00    0.25    0.25    0.50   0.23   0.00
sdx               0.00     0.00    0.05    0.01     2.41     0.52    47.98     0.00    1.45    1.60    0.44   1.41   0.01
sda               0.12     4.76    1.10    2.51    69.87    58.16    35.43     0.00    0.61    1.23    0.33   0.32   0.12
dm-0              0.00     0.06    0.17    0.01     1.39     0.55    10.68     0.00    1.61    1.67    0.67   1.57   0.03
dm-1              0.00     0.02    0.06    0.00     0.45     0.15    10.29     0.00    1.45    1.51    0.52   1.43   0.01
dm-2              0.00     0.70    0.28    0.70    31.17    11.23    42.99     0.01   10.48    3.52   13.31   6.25   0.62
dm-3              0.00     0.01    0.04    0.00     0.29     0.07     9.67     0.00    1.82    1.89    0.36   1.80   0.01
dm-4              0.07     0.24    0.21    0.03     9.87     2.14    49.59     0.00    2.22    1.82    4.89   2.01   0.05
dm-5              0.00     0.00    0.01    0.00     0.11     0.00     9.20     0.00    0.41    0.41    0.22   0.25   0.00
dm-6              0.00     0.00    0.00    0.00     0.03     0.00     7.98     0.00    0.31    0.31    0.33   0.27   0.00
dm-7              0.00     0.00    0.00    0.00     0.03     0.00     7.98     0.00    0.53    0.53    0.33   0.45   0.00
dm-8              0.00     0.00    0.00    0.00     0.03     0.00     7.98     0.00    0.50    0.51    0.00   0.46   0.00
dm-9              0.00     0.00    0.28    0.27     9.85     2.14    21.77     0.00    6.15    4.98    7.39   0.88   0.05
dm-10             0.00     0.00    0.03    0.01     0.27     0.07     8.00     0.00    1.77    1.97    0.98   1.56   0.01
dm-11             0.00     0.00    0.28    1.40    31.16    11.23    25.10     0.02    8.96    3.53   10.06   3.65   0.62
dm-12             0.00     0.00    0.05    0.02     0.43     0.15     8.00     0.00    1.51    1.55    1.40   1.14   0.01
dm-13             0.00     0.00    0.17    0.07     1.38     0.55     8.10     0.00    1.59    1.69    1.34   1.20   0.03

08/14/2018 09:42:45 AM
avg-cpu:  %user   %nice %system %iowait  %steal   %idle
           0.07    0.00    0.07    0.00    0.00   99.86

Device:         rrqm/s   wrqm/s     r/s     w/s   rsec/s   wsec/s avgrq-sz avgqu-sz   await r_await w_await  svctm  %util
sde               0.00     0.00    0.00    0.10     0.00     0.80     8.00     0.00    0.33    0.00    0.33   0.33   0.00
sdf               0.00     0.00    0.00    0.10     0.00     1.33    13.33     0.00    0.00    0.00    0.00   0.00   0.00
sdk               0.00     0.00    0.00    0.13     0.00     3.47    26.00     0.00    0.00    0.00    0.00   0.00   0.00
sdl               0.00     0.00    0.00    0.10     0.00     1.33    13.33     0.00    0.67    0.00    0.67   0.67   0.01
sdq               0.00     0.00    0.00    0.10     0.00     1.33    13.33     0.00    0.00    0.00    0.00   0.00   0.00
sdr               0.00     0.00    0.00    0.10     0.00     0.80     8.00     0.00    0.00    0.00    0.00   0.00   0.00
sdw               0.00     0.00    0.00    0.10     0.00     3.47    34.67     0.00    0.00    0.00    0.00   0.00   0.00
sdx               0.00     0.00    0.00    0.10     0.00     0.80     8.00     0.00    0.00    0.00    0.00   0.00   0.00
sda               0.00    11.00    0.00    1.93     0.00   103.47    53.52     0.00    0.33    0.00    0.33   0.22   0.04
dm-2              0.00     0.70    0.00    0.43     0.00     9.07    20.92     0.00    0.31    0.00    0.31   0.31   0.01
dm-4              0.00     0.13    0.00    0.40     0.00     4.27    10.67     0.00    0.42    0.00    0.42   0.42   0.02
dm-9              0.00     0.00    0.00    0.53     0.00     4.27     8.00     0.00    0.44    0.00    0.44   0.31   0.02
dm-11             0.00     0.00    0.00    1.13     0.00     9.07     8.00     0.00    0.21    0.00    0.21   0.12   0.01

08/14/2018 09:43:15 AM
avg-cpu:  %user   %nice %system %iowait  %steal   %idle
           1.88    0.00    1.44    0.01    0.00   96.68

Device:         rrqm/s   wrqm/s     r/s     w/s   rsec/s   wsec/s avgrq-sz avgqu-sz   await r_await w_await  svctm  %util
sde               0.00     0.00    0.00    0.20     0.00     2.93    14.67     0.00    0.00    0.00    0.00   0.00   0.00
sdf               0.00     0.00    0.00    0.13     0.00     2.67    20.00     0.00    0.00    0.00    0.00   0.00   0.00
sdk               0.00     0.00    0.00    0.20     0.00     1.87     9.33     0.00    0.17    0.00    0.17   0.17   0.00
sdl               0.00     0.00    0.00    0.13     0.00     1.33    10.00     0.00    0.00    0.00    0.00   0.00   0.00
sdq               0.00     0.00    0.00    0.20     0.00     4.27    21.33     0.00    0.17    0.00    0.17   0.17   0.00
sdr               0.00     0.00    0.00    0.13     0.00     1.60    12.00     0.00    0.00    0.00    0.00   0.00   0.00
sdw               0.00     0.00    0.00    0.20     0.00     2.40    12.00     0.00    0.00    0.00    0.00   0.00   0.00
sdx               0.00     0.00    0.00    0.10     0.00     0.80     8.00     0.00    0.00    0.00    0.00   0.00   0.00
sda               0.00     1.33    0.00    2.23     0.00    28.53    12.78     0.00    0.18    0.00    0.18   0.09   0.02
dm-2              0.00     0.63    0.00    0.80     0.00    11.47    14.33     0.00    0.21    0.00    0.21   0.21   0.02
dm-4              0.00     0.30    0.00    0.50     0.00     6.40    12.80     0.00    0.00    0.00    0.00   0.00   0.00
dm-9              0.00     0.00    0.00    0.80     0.00     6.40     8.00     0.00    0.00    0.00    0.00   0.00   0.00
dm-11             0.00     0.00    0.00    1.43     0.00    11.47     8.00     0.00    0.12    0.00    0.12   0.12   0.02

08/14/2018 09:43:45 AM
avg-cpu:  %user   %nice %system %iowait  %steal   %idle
           0.02    0.00    0.09    0.00    0.00   99.89

Device:         rrqm/s   wrqm/s     r/s     w/s   rsec/s   wsec/s avgrq-sz avgqu-sz   await r_await w_await  svctm  %util
sde               0.00     0.00    0.00    0.27     0.00     2.40     9.00     0.00    0.25    0.00    0.25   0.25   0.01
sdf               0.00     0.00    0.00    0.17     0.00     2.40    14.40     0.00    0.00    0.00    0.00   0.00   0.00
sdk               0.00     0.00    0.00    0.23     0.00     1.87     8.00     0.00    0.00    0.00    0.00   0.00   0.00
sdl               0.00     0.00    0.00    0.17     0.00    15.47    92.80     0.00    0.00    0.00    0.00   0.00   0.00
sdq               0.00     0.00    0.00    0.23     0.00     2.13     9.14     0.00    0.00    0.00    0.00   0.00   0.00
sdr               0.00     0.00    0.00    0.17     0.00     1.33     8.00     0.00    0.00    0.00    0.00   0.00   0.00
sdw               0.00     0.00    0.00    0.27     0.00     6.93    26.00     0.00    0.12    0.00    0.12   0.12   0.00
sdx               0.00     0.00    0.00    0.17     0.00     2.93    17.60     0.00    0.00    0.00    0.00   0.00   0.00
sda               0.00     0.87    0.00    1.30     0.00    17.33    13.33     0.00    0.31    0.00    0.31   0.15   0.02
dm-2              0.00     0.67    0.00    1.00     0.00    13.33    13.33     0.00    0.30    0.00    0.30   0.30   0.03
dm-4              0.00     2.10    0.00    0.67     0.00    22.13    33.20     0.00    0.90    0.00    0.90   0.60   0.04
dm-9              0.00     0.00    0.00    2.77     0.00    22.13     8.00     0.01    2.13    0.00    2.13   0.14   0.04
dm-11             0.00     0.00    0.00    1.67     0.00    13.33     8.00     0.00    0.18    0.00    0.18   0.18   0.03

08/14/2018 09:44:15 AM
avg-cpu:  %user   %nice %system %iowait  %steal   %idle
           0.02    0.00    0.08    0.00    0.00   99.89

Device:         rrqm/s   wrqm/s     r/s     w/s   rsec/s   wsec/s avgrq-sz avgqu-sz   await r_await w_await  svctm  %util
sde               0.00     0.00    0.00    0.17     0.00     3.47    20.80     0.00    0.00    0.00    0.00   0.00   0.00
sdf               0.00     0.00    0.00    0.13     0.00     2.13    16.00     0.00    0.25    0.00    0.25   0.25   0.00
sdk               0.00     0.00    0.00    0.17     0.00     1.33     8.00     0.00    0.00    0.00    0.00   0.00   0.00
sdl               0.00     0.00    0.00    0.13     0.00     1.60    12.00     0.00    0.25    0.00    0.25   0.25   0.00
sdq               0.00     0.00    0.00    0.20     0.00     2.13    10.67     0.00    0.17    0.00    0.17   0.17   0.00
sdr               0.00     0.00    0.00    0.13     0.00     1.33    10.00     0.00    0.25    0.00    0.25   0.25   0.00
sdw               0.00     0.00    0.00    0.17     0.00     2.67    16.00     0.00    0.00    0.00    0.00   0.00   0.00
sdx               0.00     0.00    0.00    0.13     0.00     1.07     8.00     0.00    0.25    0.00    0.25   0.25   0.00
sda               0.00     0.77    0.00    1.20     0.00    15.73    13.11     0.00    0.25    0.00    0.25   0.17   0.02
dm-2              0.00     0.50    0.00    0.70     0.00     9.60    13.71     0.00    0.19    0.00    0.19   0.19   0.01
dm-4              0.00     0.23    0.00    0.53     0.00     6.13    11.50     0.00    0.44    0.00    0.44   0.25   0.01
dm-9              0.00     0.00    0.00    0.77     0.00     6.13     8.00     0.00    0.35    0.00    0.35   0.17   0.01
dm-11             0.00     0.00    0.00    1.20     0.00     9.60     8.00     0.00    0.28    0.00    0.28   0.11   0.01

08/14/2018 09:44:45 AM
avg-cpu:  %user   %nice %system %iowait  %steal   %idle
           0.02    0.00    0.08    0.00    0.00   99.89

Device:         rrqm/s   wrqm/s     r/s     w/s   rsec/s   wsec/s avgrq-sz avgqu-sz   await r_await w_await  svctm  %util
sde               0.00     0.00    0.00    0.13     0.00     3.73    28.00     0.00    0.75    0.00    0.75   0.75   0.01
sdf               0.00     0.00    0.00    0.10     0.00     0.80     8.00     0.00    0.00    0.00    0.00   0.00   0.00
sdk               0.00     0.00    0.00    0.13     0.00     1.60    12.00     0.00    0.00    0.00    0.00   0.00   0.00
sdl               0.00     0.00    0.00    0.10     0.00     0.80     8.00     0.00    0.00    0.00    0.00   0.00   0.00
sdq               0.00     0.00    0.00    0.10     0.00     0.80     8.00     0.00    0.00    0.00    0.00   0.00   0.00
sdr               0.00     0.00    0.00    0.10     0.00     1.33    13.33     0.00    0.00    0.00    0.00   0.00   0.00
sdw               0.00     0.00    0.00    0.13     0.00     3.73    28.00     0.00    0.00    0.00    0.00   0.00   0.00
sdx               0.00     0.00    0.00    0.10     0.00     1.33    13.33     0.00    0.00    0.00    0.00   0.00   0.00
sda               0.00     0.70    0.00    1.20     0.00    15.20    12.67     0.00    0.50    0.00    0.50   0.25   0.03
dm-2              0.00     0.73    0.00    0.50     0.00     9.87    19.73     0.00    0.20    0.00    0.20   0.20   0.01
dm-4              0.00     0.13    0.00    0.40     0.00     4.27    10.67     0.00    0.25    0.00    0.25   0.25   0.01
dm-9              0.00     0.00    0.00    0.53     0.00     4.27     8.00     0.00    0.19    0.00    0.19   0.19   0.01
dm-11             0.00     0.00    0.00    1.23     0.00     9.87     8.00     0.00    0.35    0.00    0.35   0.08   0.01

08/14/2018 09:45:15 AM
avg-cpu:  %user   %nice %system %iowait  %steal   %idle
           0.05    0.00    0.07    0.00    0.00   99.88

Device:         rrqm/s   wrqm/s     r/s     w/s   rsec/s   wsec/s avgrq-sz avgqu-sz   await r_await w_await  svctm  %util
sde               0.00     0.00    0.00    0.17     0.00     1.33     8.00     0.00    0.00    0.00    0.00   0.00   0.00
sdf               0.00     0.00    0.00    0.10     0.00     1.07    10.67     0.00    0.00    0.00    0.00   0.00   0.00
sdk               0.00     0.00    0.00    0.20     0.00     1.60     8.00     0.00    0.00    0.00    0.00   0.00   0.00
sdl               0.00     0.00    0.00    0.07     0.00     0.53     8.00     0.00    0.00    0.00    0.00   0.00   0.00
sdq               0.00     0.00    0.00    0.20     0.00     3.47    17.33     0.00    0.00    0.00    0.00   0.00   0.00
sdr               0.00     0.00    0.00    0.10     0.00     1.33    13.33     0.00    0.00    0.00    0.00   0.00   0.00
sdw               0.00     0.00    0.00    0.17     0.00     4.27    25.60     0.00    0.20    0.00    0.20   0.20   0.00
sdx               0.00     0.00    0.00    0.10     0.00     1.33    13.33     0.00    0.00    0.00    0.00   0.00   0.00
sda               0.00     1.50    0.00    1.73     0.00    25.87    14.92     0.00    0.19    0.00    0.19   0.13   0.02
dm-2              0.00     0.60    0.00    0.73     0.00    10.67    14.55     0.00    0.32    0.00    0.32   0.32   0.02
dm-4              0.00     0.17    0.00    0.37     0.00     4.27    11.64     0.00    0.00    0.00    0.00   0.00   0.00
dm-9              0.00     0.00    0.00    0.53     0.00     4.27     8.00     0.00    0.00    0.00    0.00   0.00   0.00
dm-11             0.00     0.00    0.00    1.33     0.00    10.67     8.00     0.00    0.45    0.00    0.45   0.18   0.02

08/14/2018 09:45:45 AM
avg-cpu:  %user   %nice %system %iowait  %steal   %idle
           0.24    0.00    0.61    0.00    0.00   99.15

Device:         rrqm/s   wrqm/s     r/s     w/s   rsec/s   wsec/s avgrq-sz avgqu-sz   await r_await w_await  svctm  %util
sde               0.00     0.00    0.00    0.27     0.00     2.67    10.00     0.00    0.00    0.00    0.00   0.00   0.00
sdf               0.00     0.00    0.00    0.10     0.00     1.33    13.33     0.00    0.00    0.00    0.00   0.00   0.00
sdk               0.00     0.00    0.00    0.23     0.00     5.87    25.14     0.00    0.00    0.00    0.00   0.00   0.00
sdl               0.00     0.00    0.00    0.10     0.00     1.33    13.33     0.00    0.00    0.00    0.00   0.00   0.00
sdq               0.00     0.00    0.00    0.23     0.00     4.00    17.14     0.00    0.14    0.00    0.14   0.14   0.00
sdr               0.00     0.00    0.00    0.10     0.00     0.80     8.00     0.00    0.00    0.00    0.00   0.00   0.00
sdw               0.00     0.00    0.00    0.27     0.00     3.47    13.00     0.00    0.12    0.00    0.12   0.12   0.00
sdx               0.00     0.00    0.00    0.10     0.00     0.80     8.00     0.00    0.00    0.00    0.00   0.00   0.00
sda               0.00     5.97    0.00    3.30     0.00    74.13    22.46     0.00    0.21    0.00    0.21   0.17   0.06
dm-2              0.00     1.00    0.00    1.00     0.00    16.00    16.00     0.00    0.07    0.00    0.07   0.07   0.01
dm-4              0.00     0.13    0.00    0.40     0.00     4.27    10.67     0.00    0.25    0.00    0.25   0.25   0.01
dm-9              0.00     0.00    0.00    0.53     0.00     4.27     8.00     0.00    0.19    0.00    0.19   0.19   0.01
dm-11             0.00     0.00    0.00    2.00     0.00    16.00     8.00     0.00    0.15    0.00    0.15   0.03   0.01

08/14/2018 09:46:15 AM
avg-cpu:  %user   %nice %system %iowait  %steal   %idle
           0.23    0.00    0.34    0.00    0.00   99.43

Device:         rrqm/s   wrqm/s     r/s     w/s   rsec/s   wsec/s avgrq-sz avgqu-sz   await r_await w_await  svctm  %util
sde               0.00     0.00    0.00    0.20     0.00     2.13    10.67     0.00    0.00    0.00    0.00   0.00   0.00
sdf               0.00     0.00    0.00    0.10     0.00     1.33    13.33     0.00    0.00    0.00    0.00   0.00   0.00
sdk               0.00     0.00    0.00    0.20     0.00     4.27    21.33     0.00    0.17    0.00    0.17   0.17   0.00
sdl               0.00     0.00    0.00    0.10     0.00     1.33    13.33     0.00    0.00    0.00    0.00   0.00   0.00
sdq               0.00     0.00    0.00    0.20     0.00     1.60     8.00     0.00    0.17    0.00    0.17   0.17   0.00
sdr               0.00     0.00    0.00    0.10     0.00     0.80     8.00     0.00    0.00    0.00    0.00   0.00   0.00
sdw               0.00     0.00    0.00    0.20     0.00     2.13    10.67     0.00    0.00    0.00    0.00   0.00   0.00
sdx               0.00     0.00    0.00    0.10     0.00     0.80     8.00     0.00    0.00    0.00    0.00   0.00   0.00
sda               0.00    56.43    0.00   28.50     0.00   679.47    23.84     0.00    0.08    0.00    0.08   0.05   0.14
dm-2              0.00     0.47    0.00    0.80     0.00    10.13    12.67     0.00    0.08    0.00    0.08   0.08   0.01
dm-4              0.00     0.13    0.00    0.40     0.00     4.27    10.67     0.00    0.25    0.00    0.25   0.25   0.01
dm-9              0.00     0.00    0.00    0.53     0.00     4.27     8.00     0.00    0.19    0.00    0.19   0.19   0.01
dm-11             0.00     0.00    0.00    1.27     0.00    10.13     8.00     0.00    0.32    0.00    0.32   0.05   0.01

08/14/2018 09:46:45 AM
avg-cpu:  %user   %nice %system %iowait  %steal   %idle
           0.07    0.00    0.04    0.00    0.00   99.89

Device:         rrqm/s   wrqm/s     r/s     w/s   rsec/s   wsec/s avgrq-sz avgqu-sz   await r_await w_await  svctm  %util
sde               0.00     0.00    0.00    0.20     0.00     3.20    16.00     0.00    0.00    0.00    0.00   0.00   0.00
sdf               0.00     0.00    0.00    0.10     0.00     1.33    13.33     0.00    0.00    0.00    0.00   0.00   0.00
sdk               0.00     0.00    0.00    0.20     0.00     4.80    24.00     0.00    0.17    0.00    0.17   0.17   0.00
sdl               0.00     0.00    0.00    0.10     0.00     1.33    13.33     0.00    0.00    0.00    0.00   0.00   0.00
sdq               0.00     0.00    0.00    0.20     0.00     2.13    10.67     0.00    0.17    0.00    0.17   0.17   0.00
sdr               0.00     0.00    0.00    0.10     0.00     0.80     8.00     0.00    0.00    0.00    0.00   0.00   0.00
sdw               0.00     0.00    0.00    0.20     0.00     2.13    10.67     0.00    0.17    0.00    0.17   0.17   0.00
sdx               0.00     0.00    0.00    0.10     0.00     0.80     8.00     0.00    0.00    0.00    0.00   0.00   0.00
sda               0.00     2.60    0.00    4.20     0.00    54.40    12.95     0.00    0.10    0.00    0.10   0.06   0.02
dm-2              0.00     0.73    0.00    0.80     0.00    12.27    15.33     0.00    0.38    0.00    0.38   0.25   0.02
dm-4              0.00     0.13    0.00    0.40     0.00     4.27    10.67     0.00    0.25    0.00    0.25   0.25   0.01
dm-9              0.00     0.00    0.00    0.53     0.00     4.27     8.00     0.00    0.19    0.00    0.19   0.19   0.01
dm-11             0.00     0.00    0.00    1.53     0.00    12.27     8.00     0.00    0.33    0.00    0.33   0.13   0.02
